<?xml version="1.0" encoding="UTF-8"?>
<!-- Generated by org.testng.reporters.JUnitReportReporter -->
<testsuite skipped="0" hostname="LALLI-PC" name="test.practise1" tests="1" failures="0" timestamp="01 Aug 2018 14:34:52 GMT" time="0.003" errors="0">
  <testcase name="carloneios" time="0.003" classname="test.practise1"/>
</testsuite> <!-- test.practise1 -->
