<?xml version="1.0" encoding="UTF-8"?>
<!-- Generated by org.testng.reporters.JUnitReportReporter -->
<testsuite skipped="0" hostname="LALLI-PC" name="test.Login" tests="1" failures="0" timestamp="01 Aug 2018 10:09:41 GMT" time="72.774" errors="0">
  <testcase name="Demo" time="72.774" classname="test.Login"/>
</testsuite> <!-- test.Login -->
