<?xml version="1.0" encoding="UTF-8"?>
<!-- Generated by org.testng.reporters.JUnitReportReporter -->
<testsuite skipped="0" hostname="LALLI-PC" name="test.day2" tests="2" failures="0" timestamp="30 Jul 2018 05:42:34 GMT" time="0.027" errors="0">
  <testcase name="homeloanmobile" time="0.024" classname="test.day2"/>
  <testcase name="homeloanweb" time="0.003" classname="test.day2"/>
</testsuite> <!-- test.day2 -->
