<?xml version="1.0" encoding="UTF-8"?>
<!-- Generated by org.testng.reporters.JUnitReportReporter -->
<testsuite skipped="0" hostname="LALLI-PC" name="test.practise2" tests="2" failures="0" timestamp="04 Aug 2018 09:45:29 GMT" time="0.057" errors="0">
  <testcase name="homeloanweb" time="0.046" classname="test.practise2"/>
  <testcase name="homeloanexample" time="0.011" classname="test.practise2"/>
</testsuite> <!-- test.practise2 -->
