<?xml version="1.0" encoding="UTF-8"?>
<!-- Generated by org.testng.reporters.JUnitReportReporter -->
<testsuite skipped="0" hostname="LALLI-PC" name="test.day3" tests="1" failures="0" timestamp="30 Jul 2018 05:31:52 GMT" time="0.011" errors="0">
  <testcase name="Demo" time="0.011" classname="test.day3"/>
</testsuite> <!-- test.day3 -->
