<?xml version="1.0" encoding="UTF-8"?>
<!-- Generated by org.testng.reporters.JUnitReportReporter -->
<testsuite skipped="0" hostname="LALLI-PC" name="test.day1" tests="3" failures="0" timestamp="30 Jul 2018 05:35:29 GMT" time="0.019" errors="0">
  <testcase name="carloneweb" time="0.003" classname="test.day1"/>
  <testcase name="carlonemobile" time="0.012" classname="test.day1"/>
  <testcase name="loneAPI" time="0.004" classname="test.day1"/>
</testsuite> <!-- test.day1 -->
